<?xml version="1.0" encoding="UTF-8"?>
<!-- Generated by org.testng.reporters.JUnitReportReporter -->
<testsuite skipped="0" hostname="DESKTOP-3LKPI9O" name="com.qa.hs.tests.LoginTest" tests="2" failures="0" timestamp="23 Jul 2019 16:10:14 GMT" time="19.043" errors="0">
  <testcase name="loginTest" time="10.403" classname="com.qa.hs.tests.LoginTest"/>
  <testcase name="signUpTest" time="8.640" classname="com.qa.hs.tests.LoginTest"/>
</testsuite> <!-- com.qa.hs.tests.LoginTest -->
